<?xml version="1.0" encoding="UTF-8"?>
<testng-results ignored="0" total="2" passed="2" failed="0" skipped="0">
  <reporter-output>
  </reporter-output>
  <suite started-at="2022-02-06T13:28:07Z" name="Default suite" finished-at="2022-02-06T13:28:28Z" duration-ms="21597">
    <groups>
    </groups>
    <test started-at="2022-02-06T13:28:07Z" name="Default test" finished-at="2022-02-06T13:28:28Z" duration-ms="21597">
      <class name="lamdatest.Lambdatest">
        <test-method is-config="true" signature="setUp()[pri:0, instance:lamdatest.Lambdatest@5a9f4771]" started-at="2022-02-06T13:28:07Z" name="setUp" finished-at="2022-02-06T13:28:16Z" duration-ms="8938" status="PASS">
          <reporter-output>
          </reporter-output>
        </test-method> <!-- setUp -->
        <test-method signature="scenario1()[pri:0, instance:lamdatest.Lambdatest@5a9f4771]" started-at="2022-02-06T13:28:16Z" name="scenario1" finished-at="2022-02-06T13:28:23Z" duration-ms="7746" status="PASS">
          <reporter-output>
          </reporter-output>
        </test-method> <!-- scenario1 -->
        <test-method signature="testScript()[pri:0, instance:lamdatest.Lambdatest@5a9f4771]" started-at="2022-02-06T13:28:23Z" name="testScript" finished-at="2022-02-06T13:28:28Z" duration-ms="4866" status="PASS">
          <reporter-output>
          </reporter-output>
        </test-method> <!-- testScript -->
      </class> <!-- lamdatest.Lambdatest -->
    </test> <!-- Default test -->
  </suite> <!-- Default suite -->
</testng-results>
